{"/home/rently/Desktop/codeClimate/service/service.js":{"path":"/home/rently/Desktop/codeClimate/service/service.js","s":{"1":1,"2":1,"3":1,"4":0,"5":0,"6":1,"7":0,"8":0,"9":0,"10":0,"11":0,"12":1,"13":0,"14":0,"15":0,"16":0,"17":0,"18":1,"19":0,"20":0,"21":0,"22":0,"23":0,"24":1,"25":0,"26":0,"27":0,"28":0,"29":0,"30":1,"31":0,"32":0,"33":0,"34":0,"35":0,"36":1},"b":{"1":[0,0],"2":[0,0],"3":[0,0],"4":[0,0],"5":[0,0]},"f":{"1":0,"2":0,"3":0,"4":0,"5":0,"6":0,"7":0},"fnMap":{"1":{"name":"createJwtToken","line":5,"loc":{"start":{"line":5,"column":0},"end":{"line":5,"column":31}}},"2":{"name":"jwtTokenValidation","line":15,"loc":{"start":{"line":15,"column":0},"end":{"line":15,"column":49}}},"3":{"name":"(anonymous_3)","line":17,"loc":{"start":{"line":17,"column":39},"end":{"line":17,"column":60}}},"4":{"name":"validateLogin","line":27,"loc":{"start":{"line":27,"column":0},"end":{"line":27,"column":31}}},"5":{"name":"validateSignup","line":42,"loc":{"start":{"line":42,"column":0},"end":{"line":42,"column":33}}},"6":{"name":"validateNumber","line":57,"loc":{"start":{"line":57,"column":0},"end":{"line":57,"column":33}}},"7":{"name":"validateSentence","line":70,"loc":{"start":{"line":70,"column":0},"end":{"line":70,"column":37}}}},"statementMap":{"1":{"start":{"line":1,"column":0},"end":{"line":1,"column":36}},"2":{"start":{"line":2,"column":0},"end":{"line":2,"column":28}},"3":{"start":{"line":5,"column":0},"end":{"line":11,"column":1}},"4":{"start":{"line":6,"column":4},"end":{"line":9,"column":11}},"5":{"start":{"line":10,"column":4},"end":{"line":10,"column":20}},"6":{"start":{"line":15,"column":0},"end":{"line":25,"column":1}},"7":{"start":{"line":16,"column":4},"end":{"line":16,"column":16}},"8":{"start":{"line":17,"column":4},"end":{"line":24,"column":7}},"9":{"start":{"line":18,"column":8},"end":{"line":23,"column":9}},"10":{"start":{"line":19,"column":12},"end":{"line":19,"column":27}},"11":{"start":{"line":22,"column":12},"end":{"line":22,"column":29}},"12":{"start":{"line":27,"column":0},"end":{"line":40,"column":1}},"13":{"start":{"line":28,"column":4},"end":{"line":31,"column":7}},"14":{"start":{"line":33,"column":4},"end":{"line":33,"column":56}},"15":{"start":{"line":34,"column":4},"end":{"line":38,"column":5}},"16":{"start":{"line":35,"column":8},"end":{"line":35,"column":21}},"17":{"start":{"line":37,"column":8},"end":{"line":37,"column":20}},"18":{"start":{"line":42,"column":0},"end":{"line":55,"column":1}},"19":{"start":{"line":43,"column":4},"end":{"line":47,"column":7}},"20":{"start":{"line":49,"column":4},"end":{"line":49,"column":57}},"21":{"start":{"line":50,"column":4},"end":{"line":54,"column":5}},"22":{"start":{"line":51,"column":8},"end":{"line":51,"column":21}},"23":{"start":{"line":53,"column":8},"end":{"line":53,"column":20}},"24":{"start":{"line":57,"column":0},"end":{"line":68,"column":1}},"25":{"start":{"line":58,"column":4},"end":{"line":60,"column":7}},"26":{"start":{"line":62,"column":4},"end":{"line":62,"column":57}},"27":{"start":{"line":63,"column":4},"end":{"line":67,"column":5}},"28":{"start":{"line":64,"column":8},"end":{"line":64,"column":21}},"29":{"start":{"line":66,"column":8},"end":{"line":66,"column":20}},"30":{"start":{"line":70,"column":0},"end":{"line":80,"column":1}},"31":{"start":{"line":71,"column":4},"end":{"line":73,"column":7}},"32":{"start":{"line":75,"column":4},"end":{"line":75,"column":59}},"33":{"start":{"line":76,"column":4},"end":{"line":79,"column":20}},"34":{"start":{"line":77,"column":8},"end":{"line":77,"column":21}},"35":{"start":{"line":79,"column":8},"end":{"line":79,"column":20}},"36":{"start":{"line":82,"column":0},"end":{"line":89,"column":2}}},"branchMap":{"1":{"line":18,"type":"if","locations":[{"start":{"line":18,"column":8},"end":{"line":18,"column":8}},{"start":{"line":18,"column":8},"end":{"line":18,"column":8}}]},"2":{"line":34,"type":"if","locations":[{"start":{"line":34,"column":4},"end":{"line":34,"column":4}},{"start":{"line":34,"column":4},"end":{"line":34,"column":4}}]},"3":{"line":50,"type":"if","locations":[{"start":{"line":50,"column":4},"end":{"line":50,"column":4}},{"start":{"line":50,"column":4},"end":{"line":50,"column":4}}]},"4":{"line":63,"type":"if","locations":[{"start":{"line":63,"column":4},"end":{"line":63,"column":4}},{"start":{"line":63,"column":4},"end":{"line":63,"column":4}}]},"5":{"line":76,"type":"if","locations":[{"start":{"line":76,"column":4},"end":{"line":76,"column":4}},{"start":{"line":76,"column":4},"end":{"line":76,"column":4}}]}}},"/home/rently/Desktop/codeClimate/index.js":{"path":"/home/rently/Desktop/codeClimate/index.js","s":{"1":1,"2":1,"3":1,"4":1,"5":1,"6":1,"7":1,"8":1,"9":1,"10":1,"11":1,"12":1,"13":1,"14":1,"15":1,"16":1,"17":1,"18":1,"19":1},"b":{"1":[1,0],"2":[1,0]},"f":{},"fnMap":{},"statementMap":{"1":{"start":{"line":1,"column":0},"end":{"line":1,"column":36}},"2":{"start":{"line":2,"column":0},"end":{"line":2,"column":46}},"3":{"start":{"line":3,"column":0},"end":{"line":3,"column":30}},"4":{"start":{"line":4,"column":0},"end":{"line":4,"column":42}},"5":{"start":{"line":5,"column":0},"end":{"line":5,"column":47}},"6":{"start":{"line":6,"column":0},"end":{"line":6,"column":43}},"7":{"start":{"line":7,"column":0},"end":{"line":7,"column":46}},"8":{"start":{"line":8,"column":0},"end":{"line":8,"column":53}},"9":{"start":{"line":12,"column":0},"end":{"line":12,"column":23}},"10":{"start":{"line":13,"column":0},"end":{"line":13,"column":51}},"11":{"start":{"line":14,"column":0},"end":{"line":14,"column":27}},"12":{"start":{"line":18,"column":0},"end":{"line":21,"column":1}},"13":{"start":{"line":19,"column":4},"end":{"line":19,"column":67}},"14":{"start":{"line":20,"column":4},"end":{"line":20,"column":49}},"15":{"start":{"line":24,"column":0},"end":{"line":27,"column":4}},"16":{"start":{"line":28,"column":0},"end":{"line":28,"column":49}},"17":{"start":{"line":29,"column":0},"end":{"line":29,"column":30}},"18":{"start":{"line":31,"column":0},"end":{"line":31,"column":43}},"19":{"start":{"line":34,"column":0},"end":{"line":34,"column":35}}},"branchMap":{"1":{"line":18,"type":"if","locations":[{"start":{"line":18,"column":0},"end":{"line":18,"column":0}},{"start":{"line":18,"column":0},"end":{"line":18,"column":0}}]},"2":{"line":18,"type":"binary-expr","locations":[{"start":{"line":18,"column":4},"end":{"line":18,"column":39}},{"start":{"line":18,"column":43},"end":{"line":18,"column":64}}]}}},"/home/rently/Desktop/codeClimate/config/database.js":{"path":"/home/rently/Desktop/codeClimate/config/database.js","s":{},"b":{},"f":{},"fnMap":{},"statementMap":{},"branchMap":{}},"/home/rently/Desktop/codeClimate/models/models.js":{"path":"/home/rently/Desktop/codeClimate/models/models.js","s":{},"b":{},"f":{},"fnMap":{},"statementMap":{},"branchMap":{}},"/home/rently/Desktop/codeClimate/middleware/checkAuth.js":{"path":"/home/rently/Desktop/codeClimate/middleware/checkAuth.js","s":{"1":1,"2":1,"3":1,"4":0,"5":0,"6":0,"7":0,"8":0,"9":0,"10":1},"b":{},"f":{"1":0},"fnMap":{"1":{"name":"checkAuth","line":4,"loc":{"start":{"line":4,"column":0},"end":{"line":4,"column":35}}}},"statementMap":{"1":{"start":{"line":1,"column":0},"end":{"line":1,"column":37}},"2":{"start":{"line":2,"column":0},"end":{"line":2,"column":37}},"3":{"start":{"line":4,"column":0},"end":{"line":13,"column":1}},"4":{"start":{"line":5,"column":4},"end":{"line":5,"column":52}},"5":{"start":{"line":6,"column":4},"end":{"line":11,"column":5}},"6":{"start":{"line":7,"column":8},"end":{"line":7,"column":44}},"7":{"start":{"line":9,"column":8},"end":{"line":9,"column":40}},"8":{"start":{"line":10,"column":8},"end":{"line":10,"column":36}},"9":{"start":{"line":12,"column":4},"end":{"line":12,"column":12}},"10":{"start":{"line":15,"column":0},"end":{"line":15,"column":27}}},"branchMap":{}},"/home/rently/Desktop/codeClimate/routes/routes.js":{"path":"/home/rently/Desktop/codeClimate/routes/routes.js","s":{"1":1,"2":1,"3":1,"4":1,"5":1,"6":0,"7":1,"8":0,"9":1,"10":0,"11":1,"12":0,"13":1,"14":0,"15":1,"16":0,"17":1,"18":0,"19":1,"20":0,"21":1,"22":0,"23":1,"24":0,"25":1,"26":0,"27":1,"28":0,"29":1,"30":0,"31":1},"b":{},"f":{},"fnMap":{},"statementMap":{"1":{"start":{"line":1,"column":0},"end":{"line":1,"column":36}},"2":{"start":{"line":2,"column":0},"end":{"line":2,"column":32}},"3":{"start":{"line":3,"column":0},"end":{"line":3,"column":56}},"4":{"start":{"line":4,"column":0},"end":{"line":4,"column":54}},"5":{"start":{"line":6,"column":0},"end":{"line":6,"column":139}},"6":{"start":{"line":6,"column":42},"end":{"line":6,"column":138}},"7":{"start":{"line":7,"column":0},"end":{"line":7,"column":58}},"8":{"start":{"line":7,"column":36},"end":{"line":7,"column":56}},"9":{"start":{"line":8,"column":0},"end":{"line":8,"column":66}},"10":{"start":{"line":8,"column":37},"end":{"line":8,"column":64}},"11":{"start":{"line":9,"column":0},"end":{"line":9,"column":68}},"12":{"start":{"line":9,"column":38},"end":{"line":9,"column":66}},"13":{"start":{"line":10,"column":0},"end":{"line":10,"column":154}},"14":{"start":{"line":10,"column":51},"end":{"line":10,"column":152}},"15":{"start":{"line":11,"column":0},"end":{"line":11,"column":74}},"16":{"start":{"line":11,"column":41},"end":{"line":11,"column":72}},"17":{"start":{"line":12,"column":0},"end":{"line":12,"column":146}},"18":{"start":{"line":12,"column":47},"end":{"line":12,"column":144}},"19":{"start":{"line":13,"column":0},"end":{"line":13,"column":73}},"20":{"start":{"line":13,"column":37},"end":{"line":13,"column":71}},"21":{"start":{"line":14,"column":0},"end":{"line":14,"column":154}},"22":{"start":{"line":14,"column":51},"end":{"line":14,"column":152}},"23":{"start":{"line":15,"column":0},"end":{"line":15,"column":81}},"24":{"start":{"line":15,"column":41},"end":{"line":15,"column":79}},"25":{"start":{"line":16,"column":0},"end":{"line":16,"column":154}},"26":{"start":{"line":16,"column":51},"end":{"line":16,"column":152}},"27":{"start":{"line":17,"column":0},"end":{"line":17,"column":79}},"28":{"start":{"line":17,"column":41},"end":{"line":17,"column":77}},"29":{"start":{"line":18,"column":0},"end":{"line":18,"column":82}},"30":{"start":{"line":18,"column":48},"end":{"line":18,"column":80}},"31":{"start":{"line":21,"column":0},"end":{"line":21,"column":24}}},"branchMap":{}},"/home/rently/Desktop/codeClimate/controller/controller.js":{"path":"/home/rently/Desktop/codeClimate/controller/controller.js","s":{"1":1,"2":1,"3":1,"4":1,"5":0,"6":0,"7":0,"8":0,"9":0,"10":0,"11":0,"12":0,"13":0,"14":0,"15":0,"16":1,"17":0,"18":0,"19":0,"20":0,"21":0,"22":0,"23":0,"24":0,"25":1,"26":0,"27":0,"28":0,"29":0,"30":0,"31":1,"32":0,"33":0,"34":0,"35":0,"36":0,"37":0,"38":0,"39":0,"40":1,"41":0,"42":0,"43":0,"44":0,"45":0,"46":0,"47":0,"48":0,"49":0,"50":0,"51":0,"52":0,"53":0,"54":1,"55":0,"56":0,"57":0,"58":0,"59":0,"60":0,"61":0,"62":0,"63":0,"64":0,"65":0,"66":0,"67":0,"68":1,"69":0,"70":0,"71":0,"72":0,"73":1},"b":{"1":[0,0],"2":[0,0],"3":[0,0],"4":[0,0],"5":[0,0],"6":[0,0],"7":[0,0],"8":[0,0],"9":[0,0]},"f":{"1":0,"2":0,"3":0,"4":0,"5":0,"6":0,"7":0,"8":0},"fnMap":{"1":{"name":"login","line":7,"loc":{"start":{"line":7,"column":0},"end":{"line":7,"column":26}}},"2":{"name":"signup","line":29,"loc":{"start":{"line":29,"column":0},"end":{"line":29,"column":27}}},"3":{"name":"verifyJwt","line":48,"loc":{"start":{"line":48,"column":0},"end":{"line":48,"column":30}}},"4":{"name":"(anonymous_4)","line":50,"loc":{"start":{"line":50,"column":40},"end":{"line":50,"column":58}}},"5":{"name":"generateTable","line":59,"loc":{"start":{"line":59,"column":0},"end":{"line":59,"column":34}}},"6":{"name":"generateFrequency","line":75,"loc":{"start":{"line":75,"column":0},"end":{"line":75,"column":38}}},"7":{"name":"verifyArmstrong","line":98,"loc":{"start":{"line":98,"column":0},"end":{"line":98,"column":36}}},"8":{"name":"logoutUser","line":122,"loc":{"start":{"line":122,"column":0},"end":{"line":122,"column":31}}}},"statementMap":{"1":{"start":{"line":1,"column":0},"end":{"line":1,"column":37}},"2":{"start":{"line":2,"column":0},"end":{"line":2,"column":43}},"3":{"start":{"line":3,"column":0},"end":{"line":3,"column":47}},"4":{"start":{"line":7,"column":0},"end":{"line":27,"column":1}},"5":{"start":{"line":8,"column":4},"end":{"line":8,"column":40}},"6":{"start":{"line":9,"column":4},"end":{"line":9,"column":87}},"7":{"start":{"line":10,"column":4},"end":{"line":25,"column":5}},"8":{"start":{"line":12,"column":8},"end":{"line":22,"column":52}},"9":{"start":{"line":14,"column":16},"end":{"line":20,"column":17}},"10":{"start":{"line":15,"column":20},"end":{"line":15,"column":88}},"11":{"start":{"line":16,"column":20},"end":{"line":16,"column":62}},"12":{"start":{"line":17,"column":20},"end":{"line":17,"column":158}},"13":{"start":{"line":19,"column":20},"end":{"line":19,"column":50}},"14":{"start":{"line":22,"column":26},"end":{"line":22,"column":50}},"15":{"start":{"line":24,"column":8},"end":{"line":24,"column":39}},"16":{"start":{"line":29,"column":0},"end":{"line":46,"column":1}},"17":{"start":{"line":30,"column":4},"end":{"line":30,"column":47}},"18":{"start":{"line":31,"column":4},"end":{"line":31,"column":103}},"19":{"start":{"line":32,"column":4},"end":{"line":45,"column":5}},"20":{"start":{"line":33,"column":8},"end":{"line":42,"column":44}},"21":{"start":{"line":39,"column":16},"end":{"line":39,"column":62}},"22":{"start":{"line":40,"column":16},"end":{"line":40,"column":40}},"23":{"start":{"line":42,"column":26},"end":{"line":42,"column":42}},"24":{"start":{"line":44,"column":8},"end":{"line":44,"column":39}},"25":{"start":{"line":48,"column":0},"end":{"line":57,"column":1}},"26":{"start":{"line":49,"column":4},"end":{"line":49,"column":37}},"27":{"start":{"line":50,"column":4},"end":{"line":56,"column":7}},"28":{"start":{"line":51,"column":8},"end":{"line":55,"column":9}},"29":{"start":{"line":52,"column":12},"end":{"line":52,"column":133}},"30":{"start":{"line":54,"column":12},"end":{"line":54,"column":135}},"31":{"start":{"line":59,"column":0},"end":{"line":73,"column":1}},"32":{"start":{"line":60,"column":4},"end":{"line":60,"column":33}},"33":{"start":{"line":61,"column":4},"end":{"line":61,"column":65}},"34":{"start":{"line":62,"column":4},"end":{"line":72,"column":5}},"35":{"start":{"line":63,"column":8},"end":{"line":63,"column":23}},"36":{"start":{"line":64,"column":8},"end":{"line":66,"column":9}},"37":{"start":{"line":65,"column":12},"end":{"line":65,"column":35}},"38":{"start":{"line":67,"column":8},"end":{"line":69,"column":11}},"39":{"start":{"line":71,"column":8},"end":{"line":71,"column":33}},"40":{"start":{"line":75,"column":0},"end":{"line":96,"column":1}},"41":{"start":{"line":76,"column":4},"end":{"line":76,"column":37}},"42":{"start":{"line":77,"column":4},"end":{"line":77,"column":73}},"43":{"start":{"line":78,"column":4},"end":{"line":95,"column":5}},"44":{"start":{"line":79,"column":8},"end":{"line":79,"column":46}},"45":{"start":{"line":80,"column":8},"end":{"line":80,"column":42}},"46":{"start":{"line":81,"column":8},"end":{"line":81,"column":21}},"47":{"start":{"line":82,"column":8},"end":{"line":89,"column":9}},"48":{"start":{"line":83,"column":12},"end":{"line":83,"column":47}},"49":{"start":{"line":84,"column":12},"end":{"line":88,"column":13}},"50":{"start":{"line":85,"column":16},"end":{"line":85,"column":34}},"51":{"start":{"line":87,"column":16},"end":{"line":87,"column":36}},"52":{"start":{"line":90,"column":8},"end":{"line":92,"column":11}},"53":{"start":{"line":94,"column":8},"end":{"line":94,"column":36}},"54":{"start":{"line":98,"column":0},"end":{"line":120,"column":1}},"55":{"start":{"line":99,"column":4},"end":{"line":99,"column":33}},"56":{"start":{"line":100,"column":4},"end":{"line":100,"column":65}},"57":{"start":{"line":101,"column":4},"end":{"line":119,"column":5}},"58":{"start":{"line":102,"column":8},"end":{"line":102,"column":28}},"59":{"start":{"line":103,"column":8},"end":{"line":103,"column":20}},"60":{"start":{"line":104,"column":8},"end":{"line":104,"column":41}},"61":{"start":{"line":105,"column":8},"end":{"line":108,"column":9}},"62":{"start":{"line":106,"column":12},"end":{"line":106,"column":44}},"63":{"start":{"line":107,"column":12},"end":{"line":107,"column":43}},"64":{"start":{"line":109,"column":8},"end":{"line":114,"column":11}},"65":{"start":{"line":110,"column":12},"end":{"line":111,"column":15}},"66":{"start":{"line":113,"column":8},"end":{"line":114,"column":11}},"67":{"start":{"line":118,"column":8},"end":{"line":118,"column":32}},"68":{"start":{"line":122,"column":0},"end":{"line":127,"column":1}},"69":{"start":{"line":123,"column":4},"end":{"line":123,"column":40}},"70":{"start":{"line":124,"column":4},"end":{"line":124,"column":40}},"71":{"start":{"line":125,"column":4},"end":{"line":125,"column":25}},"72":{"start":{"line":126,"column":4},"end":{"line":126,"column":28}},"73":{"start":{"line":129,"column":0},"end":{"line":137,"column":1}}},"branchMap":{"1":{"line":10,"type":"if","locations":[{"start":{"line":10,"column":4},"end":{"line":10,"column":4}},{"start":{"line":10,"column":4},"end":{"line":10,"column":4}}]},"2":{"line":14,"type":"if","locations":[{"start":{"line":14,"column":16},"end":{"line":14,"column":16}},{"start":{"line":14,"column":16},"end":{"line":14,"column":16}}]},"3":{"line":32,"type":"if","locations":[{"start":{"line":32,"column":4},"end":{"line":32,"column":4}},{"start":{"line":32,"column":4},"end":{"line":32,"column":4}}]},"4":{"line":51,"type":"if","locations":[{"start":{"line":51,"column":8},"end":{"line":51,"column":8}},{"start":{"line":51,"column":8},"end":{"line":51,"column":8}}]},"5":{"line":62,"type":"if","locations":[{"start":{"line":62,"column":4},"end":{"line":62,"column":4}},{"start":{"line":62,"column":4},"end":{"line":62,"column":4}}]},"6":{"line":78,"type":"if","locations":[{"start":{"line":78,"column":4},"end":{"line":78,"column":4}},{"start":{"line":78,"column":4},"end":{"line":78,"column":4}}]},"7":{"line":84,"type":"if","locations":[{"start":{"line":84,"column":12},"end":{"line":84,"column":12}},{"start":{"line":84,"column":12},"end":{"line":84,"column":12}}]},"8":{"line":101,"type":"if","locations":[{"start":{"line":101,"column":4},"end":{"line":101,"column":4}},{"start":{"line":101,"column":4},"end":{"line":101,"column":4}}]},"9":{"line":109,"type":"if","locations":[{"start":{"line":109,"column":8},"end":{"line":109,"column":8}},{"start":{"line":109,"column":8},"end":{"line":109,"column":8}}]}}}}