TN:
SF:index.js
FNF:0
FNH:0
DA:1,1
DA:2,1
DA:3,1
DA:4,1
DA:5,1
DA:6,1
DA:7,1
DA:8,1
DA:12,1
DA:13,1
DA:14,1
DA:18,1
DA:19,1
DA:20,1
DA:24,1
DA:28,1
DA:29,1
DA:31,1
DA:34,1
LF:19
LH:19
BRDA:18,0,0,1
BRDA:18,0,1,0
BRDA:18,1,0,1
BRDA:18,1,1,0
BRF:4
BRH:2
end_of_record
TN:
SF:config/database.js
FN:9,(anonymous_0)
FN:10,(anonymous_1)
FNF:2
FNH:1
FNDA:1,(anonymous_0)
FNDA:0,(anonymous_1)
DA:1,1
DA:3,1
DA:8,1
DA:9,1
DA:10,0
DA:12,1
LF:6
LH:5
BRF:0
BRH:0
end_of_record
TN:
SF:controller/controller.js
FN:7,login
FN:13,(anonymous_1)
FN:22,(anonymous_2)
FN:29,signup
FN:38,(anonymous_4)
FN:42,(anonymous_5)
FN:48,verifyJwt
FN:50,(anonymous_7)
FN:59,generateTable
FN:75,generateFrequency
FN:98,verifyArmstrong
FN:122,logoutUser
FNF:12
FNH:7
FNDA:1,login
FNDA:1,(anonymous_1)
FNDA:0,(anonymous_2)
FNDA:0,signup
FNDA:0,(anonymous_4)
FNDA:0,(anonymous_5)
FNDA:1,verifyJwt
FNDA:1,(anonymous_7)
FNDA:1,generateTable
FNDA:1,generateFrequency
FNDA:1,verifyArmstrong
FNDA:0,logoutUser
DA:1,1
DA:2,1
DA:3,1
DA:8,1
DA:9,1
DA:10,1
DA:12,1
DA:14,1
DA:15,1
DA:16,1
DA:17,1
DA:19,0
DA:22,0
DA:24,0
DA:30,0
DA:31,0
DA:32,0
DA:33,0
DA:39,0
DA:40,0
DA:42,0
DA:44,0
DA:49,1
DA:50,1
DA:51,1
DA:52,0
DA:54,1
DA:60,1
DA:61,1
DA:62,1
DA:63,1
DA:64,1
DA:65,10
DA:67,1
DA:71,0
DA:76,1
DA:77,1
DA:78,1
DA:79,1
DA:80,1
DA:81,1
DA:82,1
DA:83,12
DA:84,12
DA:85,7
DA:87,5
DA:90,1
DA:94,0
DA:99,1
DA:100,1
DA:101,1
DA:102,1
DA:103,1
DA:104,1
DA:105,1
DA:106,3
DA:107,3
DA:109,1
DA:110,0
DA:113,1
DA:118,0
DA:123,0
DA:124,0
DA:126,0
DA:129,1
LF:65
LH:46
BRDA:10,0,0,1
BRDA:10,0,1,0
BRDA:14,1,0,1
BRDA:14,1,1,0
BRDA:32,2,0,0
BRDA:32,2,1,0
BRDA:51,3,0,0
BRDA:51,3,1,1
BRDA:62,4,0,1
BRDA:62,4,1,0
BRDA:78,5,0,1
BRDA:78,5,1,0
BRDA:84,6,0,7
BRDA:84,6,1,5
BRDA:101,7,0,1
BRDA:101,7,1,0
BRDA:109,8,0,0
BRDA:109,8,1,1
BRF:18
BRH:9
end_of_record
TN:
SF:middleware/checkAuth.js
FN:4,checkAuth
FNF:1
FNH:1
FNDA:1,checkAuth
DA:1,1
DA:2,1
DA:5,1
DA:6,1
DA:7,1
DA:9,0
DA:10,0
DA:12,1
DA:15,1
LF:9
LH:7
BRF:0
BRH:0
end_of_record
TN:
SF:models/models.js
FN:18,(anonymous_0)
FN:19,(anonymous_1)
FNF:2
FNH:1
FNDA:1,(anonymous_0)
FNDA:0,(anonymous_1)
DA:1,1
DA:2,1
DA:4,1
DA:17,1
DA:18,1
DA:19,0
DA:21,1
LF:7
LH:6
BRF:0
BRH:0
end_of_record
TN:
SF:routes/routes.js
FN:6,(anonymous_0)
FN:7,(anonymous_1)
FN:8,(anonymous_2)
FN:9,(anonymous_3)
FN:10,(anonymous_4)
FN:11,(anonymous_5)
FN:12,(anonymous_6)
FN:13,(anonymous_7)
FN:14,(anonymous_8)
FN:15,(anonymous_9)
FN:16,(anonymous_10)
FN:17,(anonymous_11)
FN:18,(anonymous_12)
FNF:13
FNH:6
FNDA:1,(anonymous_0)
FNDA:0,(anonymous_1)
FNDA:1,(anonymous_2)
FNDA:0,(anonymous_3)
FNDA:0,(anonymous_4)
FNDA:1,(anonymous_5)
FNDA:0,(anonymous_6)
FNDA:1,(anonymous_7)
FNDA:0,(anonymous_8)
FNDA:1,(anonymous_9)
FNDA:0,(anonymous_10)
FNDA:1,(anonymous_11)
FNDA:0,(anonymous_12)
DA:1,1
DA:2,1
DA:3,1
DA:4,1
DA:6,1
DA:7,1
DA:8,1
DA:9,1
DA:10,1
DA:11,1
DA:12,1
DA:13,1
DA:14,1
DA:15,1
DA:16,1
DA:17,1
DA:18,1
DA:21,1
LF:18
LH:18
BRF:0
BRH:0
end_of_record
TN:
SF:service/service.js
FN:5,createJwtToken
FN:15,jwtTokenValidation
FN:17,(anonymous_2)
FN:27,validateLogin
FN:42,validateSignup
FN:57,validateNumber
FN:70,validateSentence
FN:83,addNewFunction
FNF:8
FNH:8
FNDA:2,createJwtToken
FNDA:2,jwtTokenValidation
FNDA:2,(anonymous_2)
FNDA:5,validateLogin
FNDA:5,validateSignup
FNDA:4,validateNumber
FNDA:1,validateSentence
FNDA:2,addNewFunction
DA:1,1
DA:2,1
DA:6,2
DA:10,2
DA:17,2
DA:18,2
DA:19,1
DA:22,1
DA:28,5
DA:33,5
DA:34,5
DA:35,3
DA:37,2
DA:43,5
DA:49,5
DA:50,5
DA:51,4
DA:53,1
DA:58,4
DA:62,4
DA:63,4
DA:64,1
DA:66,3
DA:71,1
DA:75,1
DA:76,1
DA:77,0
DA:79,1
DA:84,2
DA:85,1
DA:86,1
DA:88,1
DA:89,1
DA:93,1
LF:34
LH:33
BRDA:18,0,0,1
BRDA:18,0,1,1
BRDA:34,1,0,3
BRDA:34,1,1,2
BRDA:50,2,0,4
BRDA:50,2,1,1
BRDA:63,3,0,1
BRDA:63,3,1,3
BRDA:76,4,0,0
BRDA:76,4,1,1
BRDA:84,5,0,1
BRDA:84,5,1,1
BRF:12
BRH:11
end_of_record
