TN:
SF:/home/rently/Desktop/codeClimate/service/service.js
FN:5,createJwtToken
FN:15,jwtTokenValidation
FN:17,(anonymous_3)
FN:27,validateLogin
FN:42,validateSignup
FN:57,validateNumber
FN:70,validateSentence
FNF:7
FNH:0
FNDA:0,createJwtToken
FNDA:0,jwtTokenValidation
FNDA:0,(anonymous_3)
FNDA:0,validateLogin
FNDA:0,validateSignup
FNDA:0,validateNumber
FNDA:0,validateSentence
DA:1,1
DA:2,1
DA:5,1
DA:6,0
DA:10,0
DA:15,1
DA:16,0
DA:17,0
DA:18,0
DA:19,0
DA:22,0
DA:27,1
DA:28,0
DA:33,0
DA:34,0
DA:35,0
DA:37,0
DA:42,1
DA:43,0
DA:49,0
DA:50,0
DA:51,0
DA:53,0
DA:57,1
DA:58,0
DA:62,0
DA:63,0
DA:64,0
DA:66,0
DA:70,1
DA:71,0
DA:75,0
DA:76,0
DA:77,0
DA:79,0
DA:82,1
LF:36
LH:9
BRDA:18,1,0,0
BRDA:18,1,1,0
BRDA:34,2,0,0
BRDA:34,2,1,0
BRDA:50,3,0,0
BRDA:50,3,1,0
BRDA:63,4,0,0
BRDA:63,4,1,0
BRDA:76,5,0,0
BRDA:76,5,1,0
BRF:10
BRH:0
end_of_record
TN:
SF:/home/rently/Desktop/codeClimate/index.js
FNF:0
FNH:0
DA:1,1
DA:2,1
DA:3,1
DA:4,1
DA:5,1
DA:6,1
DA:7,1
DA:8,1
DA:12,1
DA:13,1
DA:14,1
DA:18,1
DA:19,1
DA:20,1
DA:24,1
DA:28,1
DA:29,1
DA:31,1
DA:34,1
LF:19
LH:19
BRDA:18,1,0,1
BRDA:18,1,1,0
BRDA:18,2,0,1
BRDA:18,2,1,0
BRF:4
BRH:2
end_of_record
TN:
SF:/home/rently/Desktop/codeClimate/config/database.js
FNF:0
FNH:0
LF:0
LH:0
BRF:0
BRH:0
end_of_record
TN:
SF:/home/rently/Desktop/codeClimate/models/models.js
FNF:0
FNH:0
LF:0
LH:0
BRF:0
BRH:0
end_of_record
TN:
SF:/home/rently/Desktop/codeClimate/middleware/checkAuth.js
FN:4,checkAuth
FNF:1
FNH:0
FNDA:0,checkAuth
DA:1,1
DA:2,1
DA:4,1
DA:5,0
DA:6,0
DA:7,0
DA:9,0
DA:10,0
DA:12,0
DA:15,1
LF:10
LH:4
BRF:0
BRH:0
end_of_record
TN:
SF:/home/rently/Desktop/codeClimate/routes/routes.js
FNF:0
FNH:0
DA:1,1
DA:2,1
DA:3,1
DA:4,1
DA:6,1
DA:7,1
DA:8,1
DA:9,1
DA:10,1
DA:11,1
DA:12,1
DA:13,1
DA:14,1
DA:15,1
DA:16,1
DA:17,1
DA:18,1
DA:21,1
LF:18
LH:18
BRF:0
BRH:0
end_of_record
TN:
SF:/home/rently/Desktop/codeClimate/controller/controller.js
FN:7,login
FN:29,signup
FN:48,verifyJwt
FN:50,(anonymous_4)
FN:59,generateTable
FN:75,generateFrequency
FN:98,verifyArmstrong
FN:122,logoutUser
FNF:8
FNH:0
FNDA:0,login
FNDA:0,signup
FNDA:0,verifyJwt
FNDA:0,(anonymous_4)
FNDA:0,generateTable
FNDA:0,generateFrequency
FNDA:0,verifyArmstrong
FNDA:0,logoutUser
DA:1,1
DA:2,1
DA:3,1
DA:7,1
DA:8,0
DA:9,0
DA:10,0
DA:12,0
DA:14,0
DA:15,0
DA:16,0
DA:17,0
DA:19,0
DA:22,0
DA:24,0
DA:29,1
DA:30,0
DA:31,0
DA:32,0
DA:33,0
DA:39,0
DA:40,0
DA:42,0
DA:44,0
DA:48,1
DA:49,0
DA:50,0
DA:51,0
DA:52,0
DA:54,0
DA:59,1
DA:60,0
DA:61,0
DA:62,0
DA:63,0
DA:64,0
DA:65,0
DA:67,0
DA:71,0
DA:75,1
DA:76,0
DA:77,0
DA:78,0
DA:79,0
DA:80,0
DA:81,0
DA:82,0
DA:83,0
DA:84,0
DA:85,0
DA:87,0
DA:90,0
DA:94,0
DA:98,1
DA:99,0
DA:100,0
DA:101,0
DA:102,0
DA:103,0
DA:104,0
DA:105,0
DA:106,0
DA:107,0
DA:109,0
DA:110,0
DA:113,0
DA:118,0
DA:122,1
DA:123,0
DA:124,0
DA:125,0
DA:126,0
DA:129,1
LF:73
LH:11
BRDA:10,1,0,0
BRDA:10,1,1,0
BRDA:14,2,0,0
BRDA:14,2,1,0
BRDA:32,3,0,0
BRDA:32,3,1,0
BRDA:51,4,0,0
BRDA:51,4,1,0
BRDA:62,5,0,0
BRDA:62,5,1,0
BRDA:78,6,0,0
BRDA:78,6,1,0
BRDA:84,7,0,0
BRDA:84,7,1,0
BRDA:101,8,0,0
BRDA:101,8,1,0
BRDA:109,9,0,0
BRDA:109,9,1,0
BRF:18
BRH:0
end_of_record
